[1024/180057.179:ERROR:directory_reader_win.cc(43)] FindFirstFile: The system cannot find the path specified. (0x3)
[1024/180057.473:ERROR:filesystem_win.cc(129)] GetFileAttributes C:\Users\Himu\AppData\Local\Google\Chrome\User Data\Crashpad\attachments\db1287ce-3edd-4e86-870e-832333306cdb: The system cannot find the path specified. (0x3)
[1024/180057.487:ERROR:filesystem_win.cc(129)] GetFileAttributes C:\Users\Himu\AppData\Local\Google\Chrome\User Data\Crashpad\attachments\3bd8084a-1dc7-4957-8120-0e25f969749e: The system cannot find the path specified. (0x3)
[1024/180057.501:ERROR:filesystem_win.cc(129)] GetFileAttributes C:\Users\Himu\AppData\Local\Google\Chrome\User Data\Crashpad\attachments\453970e9-4f3d-4080-b106-ff7ea9c2277e: The system cannot find the path specified. (0x3)
[1024/180057.515:ERROR:filesystem_win.cc(129)] GetFileAttributes C:\Users\Himu\AppData\Local\Google\Chrome\User Data\Crashpad\attachments\884d2adf-2e30-4d50-987c-a4dc0a188791: The system cannot find the path specified. (0x3)
[1024/180057.529:ERROR:filesystem_win.cc(129)] GetFileAttributes C:\Users\Himu\AppData\Local\Google\Chrome\User Data\Crashpad\attachments\d71d7604-9c35-4cc0-afd2-97209bf11ac3: The system cannot find the path specified. (0x3)
[1024/212438.144:ERROR:directory_reader_win.cc(43)] FindFirstFile: The system cannot find the path specified. (0x3)
[1024/212438.191:ERROR:filesystem_win.cc(129)] GetFileAttributes C:\Users\Himu\AppData\Local\Google\Chrome\User Data\Crashpad\attachments\8f1c4591-dca1-4c42-847b-89d20970fe38: The system cannot find the path specified. (0x3)
[1024/212438.207:ERROR:filesystem_win.cc(129)] GetFileAttributes C:\Users\Himu\AppData\Local\Google\Chrome\User Data\Crashpad\attachments\021ad9ef-3daa-46e8-9593-b9741d3001e5: The system cannot find the path specified. (0x3)
[1024/212438.222:ERROR:filesystem_win.cc(129)] GetFileAttributes C:\Users\Himu\AppData\Local\Google\Chrome\User Data\Crashpad\attachments\0d46211f-3821-4225-be48-0f3bc481d764: The system cannot find the path specified. (0x3)
[1024/212438.238:ERROR:filesystem_win.cc(129)] GetFileAttributes C:\Users\Himu\AppData\Local\Google\Chrome\User Data\Crashpad\attachments\56b68636-9284-4230-b00c-9147fd173c60: The system cannot find the path specified. (0x3)
[1024/212438.238:ERROR:filesystem_win.cc(129)] GetFileAttributes C:\Users\Himu\AppData\Local\Google\Chrome\User Data\Crashpad\attachments\00eb8a4a-9a16-410d-82a5-aeb88e2d2dc5: The system cannot find the path specified. (0x3)
[1024/220103.771:ERROR:directory_reader_win.cc(43)] FindFirstFile: The system cannot find the path specified. (0x3)
[1024/220104.320:ERROR:filesystem_win.cc(129)] GetFileAttributes C:\Users\Himu\AppData\Local\Google\Chrome\User Data\Crashpad\attachments\56dcd167-afcf-4076-9024-79832b3aa776: The system cannot find the path specified. (0x3)
[1024/220104.587:ERROR:filesystem_win.cc(129)] GetFileAttributes C:\Users\Himu\AppData\Local\Google\Chrome\User Data\Crashpad\attachments\d874ede1-bda4-493f-ad1e-3c9758b953ed: The system cannot find the path specified. (0x3)
[1024/220104.711:ERROR:filesystem_win.cc(129)] GetFileAttributes C:\Users\Himu\AppData\Local\Google\Chrome\User Data\Crashpad\attachments\abdb311d-f13e-4bd1-90d5-ab844da6ff45: The system cannot find the path specified. (0x3)
[1024/220104.836:ERROR:filesystem_win.cc(129)] GetFileAttributes C:\Users\Himu\AppData\Local\Google\Chrome\User Data\Crashpad\attachments\f2be1339-7cb0-4872-803b-372a67824975: The system cannot find the path specified. (0x3)
[1024/220104.953:ERROR:filesystem_win.cc(129)] GetFileAttributes C:\Users\Himu\AppData\Local\Google\Chrome\User Data\Crashpad\attachments\8a3d405c-3176-4b8d-9247-b773042140ad: The system cannot find the path specified. (0x3)
[1024/220105.078:ERROR:filesystem_win.cc(129)] GetFileAttributes C:\Users\Himu\AppData\Local\Google\Chrome\User Data\Crashpad\attachments\e8473969-bbf4-455b-bbf1-b216aa7b64ab: The system cannot find the path specified. (0x3)
[1024/220105.199:ERROR:filesystem_win.cc(129)] GetFileAttributes C:\Users\Himu\AppData\Local\Google\Chrome\User Data\Crashpad\attachments\149a3291-e386-41e0-b8bd-637c781016ae: The system cannot find the path specified. (0x3)
[1024/220105.324:ERROR:filesystem_win.cc(129)] GetFileAttributes C:\Users\Himu\AppData\Local\Google\Chrome\User Data\Crashpad\attachments\78a71244-ddb5-4924-82b7-9cbdbc554a29: The system cannot find the path specified. (0x3)
[1024/220105.438:ERROR:filesystem_win.cc(129)] GetFileAttributes C:\Users\Himu\AppData\Local\Google\Chrome\User Data\Crashpad\attachments\16d9a71c-fbd6-4897-8516-43823b64750a: The system cannot find the path specified. (0x3)
[1024/220105.563:ERROR:filesystem_win.cc(129)] GetFileAttributes C:\Users\Himu\AppData\Local\Google\Chrome\User Data\Crashpad\attachments\9b0c1c32-8b67-4b34-9624-13a1bd83bb7a: The system cannot find the path specified. (0x3)
[1024/220105.685:ERROR:filesystem_win.cc(129)] GetFileAttributes C:\Users\Himu\AppData\Local\Google\Chrome\User Data\Crashpad\attachments\5c7aee53-f462-4604-9158-9ac8d748f5d4: The system cannot find the path specified. (0x3)
[1024/220105.810:ERROR:filesystem_win.cc(129)] GetFileAttributes C:\Users\Himu\AppData\Local\Google\Chrome\User Data\Crashpad\attachments\71cad49d-99f5-48bc-b829-4bab64bd6b91: The system cannot find the path specified. (0x3)
[1024/220105.922:ERROR:filesystem_win.cc(129)] GetFileAttributes C:\Users\Himu\AppData\Local\Google\Chrome\User Data\Crashpad\attachments\76ef93db-45dd-4987-80a4-7ec0645f2ac6: The system cannot find the path specified. (0x3)
[1024/220106.047:ERROR:filesystem_win.cc(129)] GetFileAttributes C:\Users\Himu\AppData\Local\Google\Chrome\User Data\Crashpad\attachments\db773771-c83b-4603-b34c-7198db4d2ab0: The system cannot find the path specified. (0x3)
[1024/220106.156:ERROR:filesystem_win.cc(129)] GetFileAttributes C:\Users\Himu\AppData\Local\Google\Chrome\User Data\Crashpad\attachments\f337e971-856e-4708-b3bf-7e40d82cac23: The system cannot find the path specified. (0x3)
[1024/220106.280:ERROR:filesystem_win.cc(129)] GetFileAttributes C:\Users\Himu\AppData\Local\Google\Chrome\User Data\Crashpad\attachments\2e85805a-ab30-4d55-82be-87b829ccdf54: The system cannot find the path specified. (0x3)
[1024/220106.390:ERROR:filesystem_win.cc(129)] GetFileAttributes C:\Users\Himu\AppData\Local\Google\Chrome\User Data\Crashpad\attachments\db27e0ea-16e9-4c15-be84-54c2510eb269: The system cannot find the path specified. (0x3)
[1024/220106.516:ERROR:filesystem_win.cc(129)] GetFileAttributes C:\Users\Himu\AppData\Local\Google\Chrome\User Data\Crashpad\attachments\3d141821-afed-4ce5-893b-d9a6311390ed: The system cannot find the path specified. (0x3)
[1024/220106.625:ERROR:filesystem_win.cc(129)] GetFileAttributes C:\Users\Himu\AppData\Local\Google\Chrome\User Data\Crashpad\attachments\8eab25dc-4457-4d9b-a988-e23949f73d75: The system cannot find the path specified. (0x3)
[1024/220106.736:ERROR:filesystem_win.cc(129)] GetFileAttributes C:\Users\Himu\AppData\Local\Google\Chrome\User Data\Crashpad\attachments\4997524d-ae3e-4bf8-be2e-44c12cf7f0f3: The system cannot find the path specified. (0x3)
[1024/220106.860:ERROR:filesystem_win.cc(129)] GetFileAttributes C:\Users\Himu\AppData\Local\Google\Chrome\User Data\Crashpad\attachments\bf1783fa-2141-4149-acb6-eff421e75aeb: The system cannot find the path specified. (0x3)
[1024/220106.969:ERROR:filesystem_win.cc(129)] GetFileAttributes C:\Users\Himu\AppData\Local\Google\Chrome\User Data\Crashpad\attachments\19a112f2-6b01-443f-a442-1d94d7cce7f6: The system cannot find the path specified. (0x3)
[1024/220107.078:ERROR:filesystem_win.cc(129)] GetFileAttributes C:\Users\Himu\AppData\Local\Google\Chrome\User Data\Crashpad\attachments\ce2e5db4-98db-404a-9c02-a6a15a219422: The system cannot find the path specified. (0x3)
[1024/220107.206:ERROR:filesystem_win.cc(129)] GetFileAttributes C:\Users\Himu\AppData\Local\Google\Chrome\User Data\Crashpad\attachments\e45fe108-3693-4efd-ba2b-5a57c0b12e5d: The system cannot find the path specified. (0x3)
[1024/220107.317:ERROR:filesystem_win.cc(129)] GetFileAttributes C:\Users\Himu\AppData\Local\Google\Chrome\User Data\Crashpad\attachments\48cb3711-0038-4b2e-ba47-334101e13d20: The system cannot find the path specified. (0x3)
[1024/220107.422:ERROR:filesystem_win.cc(129)] GetFileAttributes C:\Users\Himu\AppData\Local\Google\Chrome\User Data\Crashpad\attachments\ca184c2f-0f40-47e2-9e35-e3df7ca4df05: The system cannot find the path specified. (0x3)
[1024/220107.547:ERROR:filesystem_win.cc(129)] GetFileAttributes C:\Users\Himu\AppData\Local\Google\Chrome\User Data\Crashpad\attachments\ed8a532b-3f89-4a53-ae55-7f94d9e86290: The system cannot find the path specified. (0x3)
[1024/220107.641:ERROR:filesystem_win.cc(129)] GetFileAttributes C:\Users\Himu\AppData\Local\Google\Chrome\User Data\Crashpad\attachments\4c6f8357-0f38-4e00-915b-cc15759a64d2: The system cannot find the path specified. (0x3)
[1024/220107.754:ERROR:filesystem_win.cc(129)] GetFileAttributes C:\Users\Himu\AppData\Local\Google\Chrome\User Data\Crashpad\attachments\ddd0963f-4216-4caa-8a5d-019b1af83bb3: The system cannot find the path specified. (0x3)
[1024/220107.863:ERROR:filesystem_win.cc(129)] GetFileAttributes C:\Users\Himu\AppData\Local\Google\Chrome\User Data\Crashpad\attachments\e62f8045-489e-4f87-8960-0f796fea28a8: The system cannot find the path specified. (0x3)
[1024/220107.894:ERROR:filesystem_win.cc(129)] GetFileAttributes C:\Users\Himu\AppData\Local\Google\Chrome\User Data\Crashpad\attachments\07487d4f-41f0-46cc-bfe2-87edf2aca1cc: The system cannot find the path specified. (0x3)
[1024/220107.922:ERROR:filesystem_win.cc(129)] GetFileAttributes C:\Users\Himu\AppData\Local\Google\Chrome\User Data\Crashpad\attachments\62e27521-1f3b-4587-8b70-158af5956726: The system cannot find the path specified. (0x3)
[1024/220107.923:ERROR:filesystem_win.cc(129)] GetFileAttributes C:\Users\Himu\AppData\Local\Google\Chrome\User Data\Crashpad\attachments\8bd216b7-3552-412a-893a-d4b275188eb5: The system cannot find the path specified. (0x3)
[1024/220107.938:ERROR:filesystem_win.cc(129)] GetFileAttributes C:\Users\Himu\AppData\Local\Google\Chrome\User Data\Crashpad\attachments\9598eccc-cc9c-4908-912e-d44acb60741c: The system cannot find the path specified. (0x3)
[1024/220107.954:ERROR:filesystem_win.cc(129)] GetFileAttributes C:\Users\Himu\AppData\Local\Google\Chrome\User Data\Crashpad\attachments\108362d3-cd98-41f6-bdf3-91d24b2d6c59: The system cannot find the path specified. (0x3)
[1024/220107.970:ERROR:filesystem_win.cc(129)] GetFileAttributes C:\Users\Himu\AppData\Local\Google\Chrome\User Data\Crashpad\attachments\319d00b0-b7cf-4bb5-b849-35e148c5813a: The system cannot find the path specified. (0x3)
[1024/220107.985:ERROR:filesystem_win.cc(129)] GetFileAttributes C:\Users\Himu\AppData\Local\Google\Chrome\User Data\Crashpad\attachments\9795bf93-5639-455c-91a4-a89d72913ffb: The system cannot find the path specified. (0x3)
[1024/220108.001:ERROR:filesystem_win.cc(129)] GetFileAttributes C:\Users\Himu\AppData\Local\Google\Chrome\User Data\Crashpad\attachments\41c4feac-9ab6-4d89-b98e-5c5e59ff1b69: The system cannot find the path specified. (0x3)
[1024/220108.016:ERROR:filesystem_win.cc(129)] GetFileAttributes C:\Users\Himu\AppData\Local\Google\Chrome\User Data\Crashpad\attachments\3850108f-0b07-4dc5-9618-1e49cd8eeb79: The system cannot find the path specified. (0x3)
[1024/220108.032:ERROR:filesystem_win.cc(129)] GetFileAttributes C:\Users\Himu\AppData\Local\Google\Chrome\User Data\Crashpad\attachments\532b2b0a-b284-48a5-a820-8eb408a20245: The system cannot find the path specified. (0x3)
[1024/220108.048:ERROR:filesystem_win.cc(129)] GetFileAttributes C:\Users\Himu\AppData\Local\Google\Chrome\User Data\Crashpad\attachments\8d2b8412-b1e5-40de-96eb-11871361773d: The system cannot find the path specified. (0x3)
[1024/220108.063:ERROR:filesystem_win.cc(129)] GetFileAttributes C:\Users\Himu\AppData\Local\Google\Chrome\User Data\Crashpad\attachments\55834bff-2d66-493d-a36d-e28f7a72b8c0: The system cannot find the path specified. (0x3)
[1024/220108.079:ERROR:filesystem_win.cc(129)] GetFileAttributes C:\Users\Himu\AppData\Local\Google\Chrome\User Data\Crashpad\attachments\b97586f9-ca75-4ca4-9934-6524663dfdb2: The system cannot find the path specified. (0x3)
[1024/221752.515:ERROR:process_reader_win.cc(188)] ResumeThread: The parameter is incorrect. (0x57)
[1024/221752.515:ERROR:process_reader_win.cc(151)] SuspendThread: Access is denied. (0x5)
[1024/221752.515:ERROR:process_reader_win.cc(151)] SuspendThread: Access is denied. (0x5)
[1024/221752.515:ERROR:process_reader_win.cc(123)] NtOpenThread: An invalid Client ID was specified. (0xc000000b)
[1024/221753.236:ERROR:process_reader_win.cc(151)] SuspendThread: Access is denied. (0x5)
[1024/221753.236:ERROR:process_reader_win.cc(151)] SuspendThread: Access is denied. (0x5)
[1024/221753.236:ERROR:process_reader_win.cc(151)] SuspendThread: Access is denied. (0x5)
[1024/221753.236:ERROR:process_reader_win.cc(151)] SuspendThread: Access is denied. (0x5)
[1024/221753.236:ERROR:process_reader_win.cc(151)] SuspendThread: Access is denied. (0x5)
[1024/221753.236:ERROR:process_reader_win.cc(151)] SuspendThread: Access is denied. (0x5)
[1024/221753.236:ERROR:process_reader_win.cc(151)] SuspendThread: Access is denied. (0x5)
[1025/194148.379:ERROR:directory_reader_win.cc(43)] FindFirstFile: The system cannot find the path specified. (0x3)
[1025/194150.143:ERROR:filesystem_win.cc(129)] GetFileAttributes C:\Users\Himu\AppData\Local\Google\Chrome\User Data\Crashpad\attachments\2f8aed1a-632c-4a06-aa44-be7121f26582: The system cannot find the path specified. (0x3)
[1025/202646.985:ERROR:directory_reader_win.cc(43)] FindFirstFile: The system cannot find the path specified. (0x3)
[1025/204528.695:ERROR:directory_reader_win.cc(43)] FindFirstFile: The system cannot find the path specified. (0x3)
[1025/213418.476:ERROR:directory_reader_win.cc(43)] FindFirstFile: The system cannot find the path specified. (0x3)
